STAGE DEPENDENCIES:
  Stage-1 is a root stage
  Stage-8 depends on stages: Stage-1
  Stage-6 depends on stages: Stage-8
  Stage-0 depends on stages: Stage-6

STAGE PLANS:
  Stage: Stage-1
    Map Reduce
      Map Operator Tree:
          TableScan
            alias: lineitem
            Statistics: Num rows: 3024 Data size: 12099 Basic stats: COMPLETE Column stats: NONE
            Filter Operator
              predicate: l_partkey is not null (type: boolean)
              Statistics: Num rows: 1512 Data size: 6049 Basic stats: COMPLETE Column stats: NONE
              Group By Operator
                keys: l_partkey (type: int)
                mode: hash
                outputColumnNames: _col0
                Statistics: Num rows: 1512 Data size: 6049 Basic stats: COMPLETE Column stats: NONE
                Reduce Output Operator
                  key expressions: _col0 (type: int)
                  sort order: +
                  Map-reduce partition columns: _col0 (type: int)
                  Statistics: Num rows: 1512 Data size: 6049 Basic stats: COMPLETE Column stats: NONE
      Reduce Operator Tree:
        Group By Operator
          keys: KEY._col0 (type: int)
          mode: mergepartial
          outputColumnNames: _col0
          Statistics: Num rows: 756 Data size: 3024 Basic stats: COMPLETE Column stats: NONE
          File Output Operator
            compressed: false
            table:
                input format: org.apache.hadoop.mapred.SequenceFileInputFormat
                output format: org.apache.hadoop.hive.ql.io.HiveSequenceFileOutputFormat
                serde: org.apache.hadoop.hive.serde2.lazybinary.LazyBinarySerDe

  Stage: Stage-8
    Map Reduce Local Work
      Alias -> Map Local Tables:
        li 
          Fetch Operator
            limit: -1
        sq_1:lineitem 
          Fetch Operator
            limit: -1
      Alias -> Map Local Operator Tree:
        li 
          TableScan
            alias: li
            Statistics: Num rows: 756 Data size: 12099 Basic stats: COMPLETE Column stats: NONE
            Filter Operator
              predicate: ((l_partkey is not null and l_orderkey is not null) and (l_linenumber = 1)) (type: boolean)
              Statistics: Num rows: 94 Data size: 1504 Basic stats: COMPLETE Column stats: NONE
              HashTable Sink Operator
                keys:
                  0 _col0 (type: int)
                  1 l_partkey (type: int)
        sq_1:lineitem 
          TableScan
            alias: lineitem
            Statistics: Num rows: 1728 Data size: 12099 Basic stats: COMPLETE Column stats: NONE
            Filter Operator
              predicate: ((l_shipmode = 'AIR') and l_orderkey is not null) (type: boolean)
              Statistics: Num rows: 432 Data size: 3024 Basic stats: COMPLETE Column stats: NONE
              Select Operator
                expressions: l_orderkey (type: int)
                outputColumnNames: _col0
                Statistics: Num rows: 432 Data size: 3024 Basic stats: COMPLETE Column stats: NONE
                Group By Operator
                  keys: _col0 (type: int)
                  mode: hash
                  outputColumnNames: _col0
                  Statistics: Num rows: 432 Data size: 3024 Basic stats: COMPLETE Column stats: NONE
                  HashTable Sink Operator
                    keys:
                      0 _col1 (type: int)
                      1 _col0 (type: int)

  Stage: Stage-6
    Map Reduce
      Map Operator Tree:
          TableScan
            Map Join Operator
              condition map:
                   Inner Join 0 to 1
              keys:
                0 _col0 (type: int)
                1 l_partkey (type: int)
              outputColumnNames: _col0, _col1, _col3
              Statistics: Num rows: 831 Data size: 3326 Basic stats: COMPLETE Column stats: NONE
              Map Join Operator
                condition map:
                     Left Semi Join 0 to 1
                keys:
                  0 _col1 (type: int)
                  1 _col0 (type: int)
                outputColumnNames: _col0, _col3
                Statistics: Num rows: 914 Data size: 3658 Basic stats: COMPLETE Column stats: NONE
                Select Operator
                  expressions: _col0 (type: int), _col3 (type: int)
                  outputColumnNames: _col0, _col1
                  Statistics: Num rows: 914 Data size: 3658 Basic stats: COMPLETE Column stats: NONE
                  File Output Operator
                    compressed: false
                    Statistics: Num rows: 914 Data size: 3658 Basic stats: COMPLETE Column stats: NONE
                    table:
                        input format: org.apache.hadoop.mapred.TextInputFormat
                        output format: org.apache.hadoop.hive.ql.io.HiveIgnoreKeyTextOutputFormat
                        serde: org.apache.hadoop.hive.serde2.lazy.LazySimpleSerDe
      Local Work:
        Map Reduce Local Work

  Stage: Stage-0
    Fetch Operator
      limit: -1
      Processor Tree:
        ListSink

